<?xml version="1.0" encoding="UTF-8"?>
<testsuite xmlns:xsi="http://www.w3.org/2001/XMLSchema-instance" xsi:noNamespaceSchemaLocation="https://maven.apache.org/surefire/maven-surefire-plugin/xsd/surefire-test-report.xsd" name="com.example.app.AppTest" time="0.03" tests="3" errors="0" skipped="0" failures="0">
  <properties>
[...]
</properties>
  <testcase name="twoPlusTwoEqualsFour" classname="com.example.app.AppTest" time="0.018"/>
  <testcase name="testAdd" classname="com.example.app.AppTest" time="0"/>
  <testcase name="testApp" classname="com.example.app.AppTest" time="0.003"/>
</testsuite>